<?xml version="1.0" encoding="UTF-8"?>
<testsuite name="ru.osipov.deploy.web.GenreControllerTest" tests="7" skipped="0" failures="0" errors="0" timestamp="2019-11-10T19:03:27" hostname="oleg" time="0.757">
  <properties/>
  <testcase name="testByRemarks()" classname="ru.osipov.deploy.web.GenreControllerTest" time="0.322"/>
  <testcase name="testAll()" classname="ru.osipov.deploy.web.GenreControllerTest" time="0.018"/>
  <testcase name="testUpdateName()" classname="ru.osipov.deploy.web.GenreControllerTest" time="0.072"/>
  <testcase name="testP()" classname="ru.osipov.deploy.web.GenreControllerTest" time="0.004"/>
  <testcase name="testByName()" classname="ru.osipov.deploy.web.GenreControllerTest" time="0.025"/>
  <testcase name="testCreate()" classname="ru.osipov.deploy.web.GenreControllerTest" time="0.289"/>
  <testcase name="testDelete()" classname="ru.osipov.deploy.web.GenreControllerTest" time="0.018"/>
  <system-out><![CDATA[2019-11-10 22:03:26.167  INFO 16536 --- [    Test worker] .b.t.a.w.s.WebMvcTestContextBootstrapper : Neither @ContextConfiguration nor @ContextHierarchy found for test class [ru.osipov.deploy.web.GenreControllerTest], using SpringBootContextLoader
2019-11-10 22:03:26.167  INFO 16536 --- [    Test worker] o.s.t.c.support.AbstractContextLoader    : Could not detect default resource locations for test class [ru.osipov.deploy.web.GenreControllerTest]: no resource found for suffixes {-context.xml, Context.groovy}.
2019-11-10 22:03:26.167  INFO 16536 --- [    Test worker] t.c.s.AnnotationConfigContextLoaderUtils : Could not detect default configuration classes for test class [ru.osipov.deploy.web.GenreControllerTest]: GenreControllerTest does not declare any static, non-private, non-final, nested classes annotated with @Configuration.
2019-11-10 22:03:26.214  INFO 16536 --- [    Test worker] .b.t.c.SpringBootTestContextBootstrapper : Found @SpringBootConfiguration ru.osipov.deploy.DeployApp for test class ru.osipov.deploy.web.GenreControllerTest
2019-11-10 22:03:26.214  INFO 16536 --- [    Test worker] .b.t.a.w.s.WebMvcTestContextBootstrapper : Loaded default TestExecutionListener class names from location [META-INF/spring.factories]: [org.springframework.boot.test.autoconfigure.restdocs.RestDocsTestExecutionListener, org.springframework.boot.test.autoconfigure.web.client.MockRestServiceServerResetTestExecutionListener, org.springframework.boot.test.autoconfigure.web.servlet.MockMvcPrintOnlyOnFailureTestExecutionListener, org.springframework.boot.test.autoconfigure.web.servlet.WebDriverTestExecutionListener, org.springframework.boot.test.mock.mockito.MockitoTestExecutionListener, org.springframework.boot.test.mock.mockito.ResetMocksTestExecutionListener, org.springframework.test.context.web.ServletTestExecutionListener, org.springframework.test.context.support.DirtiesContextBeforeModesTestExecutionListener, org.springframework.test.context.support.DependencyInjectionTestExecutionListener, org.springframework.test.context.support.DirtiesContextTestExecutionListener, org.springframework.test.context.transaction.TransactionalTestExecutionListener, org.springframework.test.context.jdbc.SqlScriptsTestExecutionListener]
2019-11-10 22:03:26.229  INFO 16536 --- [    Test worker] .b.t.a.w.s.WebMvcTestContextBootstrapper : Using TestExecutionListeners: [org.springframework.test.context.web.ServletTestExecutionListener@4e275f98, org.springframework.test.context.support.DirtiesContextBeforeModesTestExecutionListener@4d68243a, org.springframework.boot.test.mock.mockito.MockitoTestExecutionListener@6d392bbb, org.springframework.boot.test.autoconfigure.SpringBootDependencyInjectionTestExecutionListener@9a0c95, org.springframework.test.context.support.DirtiesContextTestExecutionListener@74355881, org.springframework.test.context.transaction.TransactionalTestExecutionListener@7870fbc9, org.springframework.test.context.jdbc.SqlScriptsTestExecutionListener@5cb0738f, org.springframework.boot.test.autoconfigure.restdocs.RestDocsTestExecutionListener@c1e2228, org.springframework.boot.test.autoconfigure.web.client.MockRestServiceServerResetTestExecutionListener@52b1827a, org.springframework.boot.test.autoconfigure.web.servlet.MockMvcPrintOnlyOnFailureTestExecutionListener@2d609556, org.springframework.boot.test.autoconfigure.web.servlet.WebDriverTestExecutionListener@7293b77e, org.springframework.boot.test.mock.mockito.ResetMocksTestExecutionListener@f61c466]

  .   ____          _            __ _ _
 /\\ / ___'_ __ _ _(_)_ __  __ _ \ \ \ \
( ( )\___ | '_ | '_| | '_ \/ _` | \ \ \ \
 \\/  ___)| |_)| | | | | || (_| |  ) ) ) )
  '  |____| .__|_| |_|_| |_\__, | / / / /
 =========|_|==============|___/=/_/_/_/
 :: Spring Boot ::        (v2.1.7.RELEASE)

2019-11-10 22:03:26.261  INFO 16536 --- [    Test worker] r.osipov.deploy.web.GenreControllerTest  : Starting GenreControllerTest on oleg with PID 16536 (started by Олег in C:\Users\Олег\IdeaProjects\GenreApp)
2019-11-10 22:03:26.261  INFO 16536 --- [    Test worker] r.osipov.deploy.web.GenreControllerTest  : The following profiles are active: local
2019-11-10 22:03:26.854  WARN 16536 --- [    Test worker] org.thymeleaf.templatemode.TemplateMode  : [THYMELEAF][Test worker] Template Mode 'HTML5' is deprecated. Using Template Mode 'HTML' instead.
2019-11-10 22:03:27.011  WARN 16536 --- [    Test worker] ion$DefaultTemplateResolverConfiguration : Cannot find template location: classpath:/templates/ (please add some templates or check your Thymeleaf configuration)
2019-11-10 22:03:27.057  INFO 16536 --- [    Test worker] o.s.b.t.m.w.SpringBootMockServletContext : Initializing Spring TestDispatcherServlet ''
2019-11-10 22:03:27.057  INFO 16536 --- [    Test worker] o.s.t.web.servlet.TestDispatcherServlet  : Initializing Servlet ''
2019-11-10 22:03:27.073  INFO 16536 --- [    Test worker] o.s.t.web.servlet.TestDispatcherServlet  : Completed initialization in 16 ms
2019-11-10 22:03:27.104  INFO 16536 --- [    Test worker] r.osipov.deploy.web.GenreControllerTest  : Started GenreControllerTest in 0.875 seconds (JVM running for 15.668)
2019-11-10 22:03:27.120  INFO 16536 --- [    Test worker] r.osipov.deploy.web.GenreControllerTest  : testByRemarks
2019-11-10 22:03:27.229  INFO 16536 --- [    Test worker] ru.osipov.deploy.web.GenreController     : /v1/genres/remarks
2019-11-10 22:03:27.229  INFO 16536 --- [    Test worker] ru.osipov.deploy.web.GenreController     : Remarks = 'A story with feelings of thrill and fear.'
2019-11-10 22:03:27.229  INFO 16536 --- [    Test worker] ru.osipov.deploy.web.GenreController     : Count: 1
2019-11-10 22:03:27.386  INFO 16536 --- [    Test worker] ru.osipov.deploy.web.GenreController     : /v1/genres/remarks
2019-11-10 22:03:27.386  INFO 16536 --- [    Test worker] ru.osipov.deploy.web.GenreController     : Remarks is null. Fetch by remarks cause p_all = 'false'
2019-11-10 22:03:27.386  INFO 16536 --- [    Test worker] ru.osipov.deploy.web.GenreController     : Count: 1
2019-11-10 22:03:27.401  INFO 16536 --- [    Test worker] ru.osipov.deploy.web.GenreController     : /v1/genres/remarks
2019-11-10 22:03:27.401  INFO 16536 --- [    Test worker] ru.osipov.deploy.web.GenreController     : Remarks is null but fetch all cause p_all = 'true' 
2019-11-10 22:03:27.401  INFO 16536 --- [    Test worker] ru.osipov.deploy.web.GenreController     : Count: 0
2019-11-10 22:03:27.401  INFO 16536 --- [    Test worker] ru.osipov.deploy.web.GenreController     : /v1/genres/remarks
2019-11-10 22:03:27.401  INFO 16536 --- [    Test worker] ru.osipov.deploy.web.GenreController     : Remarks is null but fetch all cause p_all = 'true' 
2019-11-10 22:03:27.401  INFO 16536 --- [    Test worker] ru.osipov.deploy.web.GenreController     : Count: 0
2019-11-10 22:03:27.417  INFO 16536 --- [    Test worker] ru.osipov.deploy.web.GenreController     : /v1/genres/remarks
2019-11-10 22:03:27.417  INFO 16536 --- [    Test worker] ru.osipov.deploy.web.GenreController     : Remarks is null. Fetch by remarks cause p_all = 'false'
2019-11-10 22:03:27.417  INFO 16536 --- [    Test worker] ru.osipov.deploy.web.GenreController     : Count: 1
2019-11-10 22:03:27.417  INFO 16536 --- [    Test worker] ru.osipov.deploy.web.GenreController     : /v1/genres/remarks
2019-11-10 22:03:27.417  INFO 16536 --- [    Test worker] ru.osipov.deploy.web.GenreController     : Remarks is null. Fetch by remarks cause p_all = 'false'
2019-11-10 22:03:27.417  INFO 16536 --- [    Test worker] ru.osipov.deploy.web.GenreController     : Count: 1
2019-11-10 22:03:27.417  INFO 16536 --- [    Test worker] ru.osipov.deploy.web.GenreController     : /v1/genres/remarks
2019-11-10 22:03:27.417  INFO 16536 --- [    Test worker] ru.osipov.deploy.web.GenreController     : Remarks is null. Fetch by remarks cause p_all = 'false'
2019-11-10 22:03:27.417  INFO 16536 --- [    Test worker] ru.osipov.deploy.web.GenreController     : Count: 1
2019-11-10 22:03:27.433  INFO 16536 --- [    Test worker] ru.osipov.deploy.web.GenreController     : /v1/genres/remarks
2019-11-10 22:03:27.433  INFO 16536 --- [    Test worker] ru.osipov.deploy.web.GenreController     : Remarks is null. Fetch by remarks cause p_all = 'false'
2019-11-10 22:03:27.433  INFO 16536 --- [    Test worker] ru.osipov.deploy.web.GenreController     : Count: 1
2019-11-10 22:03:27.433  INFO 16536 --- [    Test worker] r.osipov.deploy.web.GenreControllerTest  : testAll
2019-11-10 22:03:27.448  INFO 16536 --- [    Test worker] ru.osipov.deploy.web.GenreController     : /v1/genres
2019-11-10 22:03:27.448  INFO 16536 --- [    Test worker] ru.osipov.deploy.web.GenreController     : Name was not specified. Get all.
2019-11-10 22:03:27.448  INFO 16536 --- [    Test worker] ru.osipov.deploy.web.GenreController     : Count: 3
2019-11-10 22:03:27.448  INFO 16536 --- [    Test worker] r.osipov.deploy.web.GenreControllerTest  : testUpdateName
2019-11-10 22:03:27.464  INFO 16536 --- [    Test worker] ru.osipov.deploy.web.GenreController     : /v1/genres/update/'Horror'
2019-11-10 22:03:27.479  WARN 16536 --- [    Test worker] .w.s.m.s.DefaultHandlerExceptionResolver : Resolved [org.springframework.web.HttpRequestMethodNotSupportedException: Request method 'POST' not supported]
2019-11-10 22:03:27.495  WARN 16536 --- [    Test worker] .w.s.m.s.DefaultHandlerExceptionResolver : Resolved [org.springframework.web.bind.MissingServletRequestParameterException: Required String parameter 'newName' is not present]
2019-11-10 22:03:27.495  INFO 16536 --- [    Test worker] ru.osipov.deploy.web.GenreController     : Empty name = ''
2019-11-10 22:03:27.495  WARN 16536 --- [    Test worker] .w.s.m.s.DefaultHandlerExceptionResolver : Resolved [org.springframework.web.bind.MissingServletRequestParameterException: Required String parameter 'newName' is not present]
2019-11-10 22:03:27.495  INFO 16536 --- [    Test worker] ru.osipov.deploy.web.GenreController     : /v1/genres/update/'Thriller'
2019-11-10 22:03:27.495  INFO 16536 --- [    Test worker] ru.osipov.deploy.web.GenreController     : Return json object with error message...
2019-11-10 22:03:27.526  INFO 16536 --- [    Test worker] ru.osipov.deploy.web.GenreController     : /v1/genres/update/'Horror'
2019-11-10 22:03:27.526  INFO 16536 --- [    Test worker] ru.osipov.deploy.web.GenreController     : Return json object with error message...
2019-11-10 22:03:27.542  INFO 16536 --- [    Test worker] r.osipov.deploy.web.GenreControllerTest  : testByName
2019-11-10 22:03:27.542  INFO 16536 --- [    Test worker] ru.osipov.deploy.web.GenreController     : /v1/genres
2019-11-10 22:03:27.542  INFO 16536 --- [    Test worker] ru.osipov.deploy.web.GenreController     : /v1/genres/'Horror'
2019-11-10 22:03:27.542  INFO 16536 --- [    Test worker] ru.osipov.deploy.web.GenreController     : Name is 'Horror'
2019-11-10 22:03:27.542  INFO 16536 --- [    Test worker] ru.osipov.deploy.web.GenreController     : Count: 1
2019-11-10 22:03:27.542  INFO 16536 --- [    Test worker] ru.osipov.deploy.web.GenreController     : /v1/genres
2019-11-10 22:03:27.542  INFO 16536 --- [    Test worker] ru.osipov.deploy.web.GenreController     : Name was not specified. Get all.
2019-11-10 22:03:27.542  INFO 16536 --- [    Test worker] ru.osipov.deploy.web.GenreController     : Count: 0
2019-11-10 22:03:27.542  INFO 16536 --- [    Test worker] ru.osipov.deploy.web.GenreController     : /v1/genres
2019-11-10 22:03:27.542  INFO 16536 --- [    Test worker] ru.osipov.deploy.web.GenreController     : Name was not specified. Get all.
2019-11-10 22:03:27.542  INFO 16536 --- [    Test worker] ru.osipov.deploy.web.GenreController     : Count: 0
2019-11-10 22:03:27.839  INFO 16536 --- [    Test worker] ru.osipov.deploy.web.GenreController     : /v1/genres/create
2019-11-10 22:03:27.854  INFO 16536 --- [    Test worker] r.osipov.deploy.web.GenreControllerTest  : testDelete
2019-11-10 22:03:27.854  INFO 16536 --- [    Test worker] ru.osipov.deploy.web.GenreController     : /v1/genres/delete/'Scary'
2019-11-10 22:03:27.854  INFO 16536 --- [    Test worker] ru.osipov.deploy.web.GenreController     : /v1/genres/delete/'Thriller'
2019-11-10 22:03:27.854  INFO 16536 --- [    Test worker] ru.osipov.deploy.web.GenreController     : Return not found 404
2019-11-10 22:03:27.870  WARN 16536 --- [    Test worker] .w.s.m.s.DefaultHandlerExceptionResolver : Resolved [org.springframework.web.bind.MissingPathVariableException: Missing URI template variable 'genre' for method parameter of type String]
]]></system-out>
  <system-err><![CDATA[]]></system-err>
</testsuite>
